#
# There is insufficient memory for the Java Runtime Environment to continue.
# Native memory allocation (mmap) failed to map 117440512 bytes for G1 virtual space
# Possible reasons:
#   The system is out of physical RAM or swap space
#   The process is running with CompressedOops enabled, and the Java Heap may be blocking the growth of the native heap
# Possible solutions:
#   Reduce memory load on the system
#   Increase physical memory or swap space
#   Check if swap backing store is full
#   Decrease Java heap size (-Xmx/-Xms)
#   Decrease number of Java threads
#   Decrease Java thread stack sizes (-Xss)
#   Set larger code cache with -XX:ReservedCodeCacheSize=
#   JVM is running with Unscaled Compressed Oops mode in which the Java heap is
#     placed in the first 4GB address space. The Java Heap base address is the
#     maximum limit for the native heap growth. Please use -XX:HeapBaseMinAddress
#     to set the Java Heap base and to place the Java Heap above 4GB virtual address.
# This output file may be truncated or incomplete.
#
#  Out of Memory Error (os_windows.cpp:3528), pid=10948, tid=4916
#
# JRE version:  (20.0+36) (build )
# Java VM: Java HotSpot(TM) 64-Bit Server VM (20+36-2344, mixed mode, sharing, tiered, compressed oops, compressed class ptrs, g1 gc, windows-amd64)
# No core dump will be written. Minidumps are not enabled by default on client versions of Windows
#

---------------  S U M M A R Y ------------

Command Line: -Dfile.encoding=UTF-8 --module-path=C:\Users\juandiego\Documents\NetBeansProjects\Miniproyecto2\MiniProyecto2_1\build\classes Vista.VentanaInicio

Host: AMD A9-9410 RADEON R5, 5 COMPUTE CORES 2C+3G   , 2 cores, 6G,  Windows 10 , 64 bit Build 19041 (10.0.19041.2788)
Time: Thu May 11 16:04:00 2023 Hora est. Pacífico, Sudamérica elapsed time: 0.026351 seconds (0d 0h 0m 0s)

---------------  T H R E A D  ---------------

Current thread (0x0000025f7c139cb0):  JavaThread "Unknown thread" [_thread_in_vm, id=4916, stack(0x000000909f800000,0x000000909f900000)]

Stack: [0x000000909f800000,0x000000909f900000]
Native frames: (J=compiled Java code, j=interpreted, Vv=VM code, C=native code)
V  [jvm.dll+0x6bb95a]
V  [jvm.dll+0x8483aa]
V  [jvm.dll+0x849fa5]
V  [jvm.dll+0x84a6a3]
V  [jvm.dll+0x280b0f]
V  [jvm.dll+0x6b86e9]
V  [jvm.dll+0x6ad2da]
V  [jvm.dll+0x35adf5]
V  [jvm.dll+0x363016]
V  [jvm.dll+0x3b3b3e]
V  [jvm.dll+0x3b3dc5]
V  [jvm.dll+0x32b50a]
V  [jvm.dll+0x32c32b]
V  [jvm.dll+0x81106f]
V  [jvm.dll+0x3c0d91]
V  [jvm.dll+0x7fcd93]
V  [jvm.dll+0x44c76f]
V  [jvm.dll+0x44e0e1]
C  [jli.dll+0x5287]
C  [ucrtbase.dll+0x21bb2]
C  [KERNEL32.DLL+0x17604]
C  [ntdll.dll+0x526a1]


---------------  P R O C E S S  ---------------

Threads class SMR info:
_java_thread_list=0x00007ffead34a098, length=0, elements={
}

Java Threads: ( => current thread )

Other Threads:
  0x0000025f7c190590 WorkerThread "GC Thread#0" [stack: 0x000000909f900000,0x000000909fa00000] [id=4608]
  0x0000025f7c19f500 ConcurrentGCThread "G1 Main Marker" [stack: 0x000000909fa00000,0x000000909fb00000] [id=3516]
  0x0000025f7c1a3300 WorkerThread "G1 Conc#0" [stack: 0x000000909fb00000,0x000000909fc00000] [id=6548]

[error occurred during error reporting (printing all threads), id 0xc0000005, EXCEPTION_ACCESS_VIOLATION (0xc0000005) at pc=0x00007ffeacb2eb47]
VM state: not at safepoint (not fully initialized)

VM Mutex/Monitor currently owned by a thread:  ([mutex/lock_event])
[0x0000025f7c1353f0] Heap_lock - owner thread: 0x0000025f7c139cb0

Heap address: 0x0000000090a00000, size: 1782 MB, Compressed Oops mode: 32-bit

CDS archive(s) mapped at: [0x0000000000000000-0x0000000000000000-0x0000000000000000), size 0, SharedBaseAddress: 0x0000000800000000, ArchiveRelocationMode: 0.
Narrow klass base: 0x0000000000000000, Narrow klass shift: 0, Narrow klass range: 0x0

GC Precious Log:
 CardTable entry size: 512
 Card Set container configuration: InlinePtr #cards 5 size 8 Array Of Cards #cards 12 size 40 Howl #buckets 4 coarsen threshold 1843 Howl Bitmap #cards 512 size 80 coarsen threshold 460 Card regions per heap region 1 cards per card region 2048

Heap:
 garbage-first heap   total 0K, used 0K [0x0000000090a00000, 0x0000000100000000)
  region size 1024K, 0 young (0K), 0 survivors (0K)

[error occurred during error reporting (printing heap information), id 0xc0000005, EXCEPTION_ACCESS_VIOLATION (0xc0000005) at pc=0x00007ffeacf03c59]
GC Heap History (0 events):
No events

Dll operation events (1 events):
Event: 0.012 Loaded shared library C:\Program Files\Java\jdk-20\bin\java.dll

Deoptimization events (0 events):
No events

Classes loaded (0 events):
No events

Classes unloaded (0 events):
No events

Classes redefined (0 events):
No events

Internal exceptions (0 events):
No events

VM Operations (0 events):
No events

Events (0 events):
No events


Dynamic libraries:
0x00007ff6fab80000 - 0x00007ff6fab90000 	C:\Program Files\Java\jdk-20\bin\java.exe
0x00007ffeda190000 - 0x00007ffeda388000 	C:\Windows\SYSTEM32\ntdll.dll
0x00007ffeda090000 - 0x00007ffeda14f000 	C:\Windows\System32\KERNEL32.DLL
0x00007ffed7d50000 - 0x00007ffed802a000 	C:\Windows\System32\KERNELBASE.dll
0x00007ffed80c0000 - 0x00007ffed81c0000 	C:\Windows\System32\ucrtbase.dll
0x00007ffed3250000 - 0x00007ffed326b000 	C:\Program Files\Java\jdk-20\bin\VCRUNTIME140.dll
0x00007ffed25a0000 - 0x00007ffed25b9000 	C:\Program Files\Java\jdk-20\bin\jli.dll
0x00007ffed92c0000 - 0x00007ffed936e000 	C:\Windows\System32\ADVAPI32.dll
0x00007ffed9370000 - 0x00007ffed940e000 	C:\Windows\System32\msvcrt.dll
0x00007ffed8300000 - 0x00007ffed839c000 	C:\Windows\System32\sechost.dll
0x00007ffed9580000 - 0x00007ffed96a6000 	C:\Windows\System32\RPCRT4.dll
0x00007ffed9120000 - 0x00007ffed92bd000 	C:\Windows\System32\USER32.dll
0x00007ffed78f0000 - 0x00007ffed7912000 	C:\Windows\System32\win32u.dll
0x00007ffed9550000 - 0x00007ffed957b000 	C:\Windows\System32\GDI32.dll
0x00007ffed7c40000 - 0x00007ffed7d50000 	C:\Windows\System32\gdi32full.dll
0x00007ffed7920000 - 0x00007ffed79bd000 	C:\Windows\System32\msvcp_win.dll
0x00007ffec44c0000 - 0x00007ffec475a000 	C:\Windows\WinSxS\amd64_microsoft.windows.common-controls_6595b64144ccf1df_6.0.19041.1110_none_60b5254171f9507e\COMCTL32.dll
0x00007ffeceb20000 - 0x00007ffeceb2a000 	C:\Windows\SYSTEM32\VERSION.dll
0x00007ffed96b0000 - 0x00007ffed96e0000 	C:\Windows\System32\IMM32.DLL
0x00007ffed3310000 - 0x00007ffed331c000 	C:\Program Files\Java\jdk-20\bin\vcruntime140_1.dll
0x00007ffecb5c0000 - 0x00007ffecb64e000 	C:\Program Files\Java\jdk-20\bin\msvcp140.dll
0x00007ffeac7f0000 - 0x00007ffead487000 	C:\Program Files\Java\jdk-20\bin\server\jvm.dll
0x00007ffec6ad0000 - 0x00007ffec6ad9000 	C:\Windows\SYSTEM32\WSOCK32.dll
0x00007ffeceb30000 - 0x00007ffeceb57000 	C:\Windows\SYSTEM32\WINMM.dll
0x00007ffed90b0000 - 0x00007ffed911b000 	C:\Windows\System32\WS2_32.dll
0x00007ffed5720000 - 0x00007ffed5732000 	C:\Windows\SYSTEM32\kernel.appcore.dll
0x00007ffed2810000 - 0x00007ffed281a000 	C:\Program Files\Java\jdk-20\bin\jimage.dll
0x00007ffec67c0000 - 0x00007ffec69a4000 	C:\Windows\SYSTEM32\DBGHELP.DLL
0x00007ffec6780000 - 0x00007ffec67b4000 	C:\Windows\SYSTEM32\dbgcore.DLL
0x00007ffed8030000 - 0x00007ffed80b2000 	C:\Windows\System32\bcryptPrimitives.dll
0x00007ffed27c0000 - 0x00007ffed27e6000 	C:\Program Files\Java\jdk-20\bin\java.dll

dbghelp: loaded successfully - version: 4.0.5 - missing functions: none
symbol engine: initialized successfully - sym options: 0x614 - pdb path: .;C:\Program Files\Java\jdk-20\bin;C:\Windows\SYSTEM32;C:\Windows\WinSxS\amd64_microsoft.windows.common-controls_6595b64144ccf1df_6.0.19041.1110_none_60b5254171f9507e;C:\Program Files\Java\jdk-20\bin\server

VM Arguments:
jvm_args: -Dfile.encoding=UTF-8 --module-path=C:\Users\juandiego\Documents\NetBeansProjects\Miniproyecto2\MiniProyecto2_1\build\classes 
java_command: Vista.VentanaInicio
java_class_path (initial): C:\Users\juandiego\Documents\NetBeansProjects\Miniproyecto2\MiniProyecto2_1\build\classes
Launcher Type: SUN_STANDARD

[Global flags]
     intx CICompilerCount                          = 2                                         {product} {ergonomic}
     uint ConcGCThreads                            = 1                                         {product} {ergonomic}
     uint G1ConcRefinementThreads                  = 2                                         {product} {ergonomic}
   size_t G1HeapRegionSize                         = 1048576                                   {product} {ergonomic}
    uintx GCDrainStackTargetSize                   = 64                                        {product} {ergonomic}
   size_t InitialHeapSize                          = 117440512                                 {product} {ergonomic}
   size_t MarkStackSize                            = 4194304                                   {product} {ergonomic}
   size_t MaxHeapSize                              = 1868562432                                {product} {ergonomic}
   size_t MinHeapDeltaBytes                        = 1048576                                   {product} {ergonomic}
   size_t MinHeapSize                              = 8388608                                   {product} {ergonomic}
    uintx NonNMethodCodeHeapSize                   = 5826188                                {pd product} {ergonomic}
    uintx NonProfiledCodeHeapSize                  = 122916026                              {pd product} {ergonomic}
     bool PerfDisableSharedMem                     = true                                      {product} {ergonomic}
    uintx ProfiledCodeHeapSize                     = 122916026                              {pd product} {ergonomic}
    uintx ReservedCodeCacheSize                    = 251658240                              {pd product} {ergonomic}
     bool SegmentedCodeCache                       = true                                      {product} {ergonomic}
   size_t SoftMaxHeapSize                          = 1868562432                             {manageable} {ergonomic}
     bool UseCompressedClassPointers               = true                           {product lp64_product} {ergonomic}
     bool UseCompressedOops                        = true                           {product lp64_product} {ergonomic}
     bool UseG1GC                                  = true                                      {product} {ergonomic}
     bool UseLargePagesIndividualAllocation        = false                                  {pd product} {ergonomic}

Logging:
Log output configuration:
 #0: stdout all=warning uptime,level,tags foldmultilines=false
 #1: stderr all=off uptime,level,tags foldmultilines=false

Environment Variables:
PATH=C:\Program Files\Common Files\Oracle\Java\javapath;C:\Program Files (x86)\Common Files\Oracle\Java\javapath;C:\Program Files (x86)\NVIDIA Corporation\PhysX\Common;C:\Windows\system32;C:\Windows;C:\Windows\System32\Wbem;C:\Windows\System32\WindowsPowerShell\v1.0\;C:\Windows\System32\OpenSSH\;C:\MinGW\bin;C:\MinGW\msys\1.0\bin;C:\Program Files\Git\cmd;C:\Users\juandiego\AppData\Local\Programs\Python\Python311\Scripts\;C:\Users\juandiego\AppData\Local\Programs\Python\Python311\;C:\Users\juandiego\AppData\Local\Microsoft\WindowsApps;;C:\Users\juandiego\AppData\Local\Programs\Microsoft VS Code\bin;C:\Program Files\JetBrains\IntelliJ IDEA Community Edition 2023.1\bin;;C:\Program Files\JetBrains\IntelliJ IDEA 2023.1\bin;
USERNAME=juandiego
OS=Windows_NT
PROCESSOR_IDENTIFIER=AMD64 Family 21 Model 112 Stepping 0, AuthenticAMD
TMP=C:\Users\JUANDI~1\AppData\Local\Temp
TEMP=C:\Users\JUANDI~1\AppData\Local\Temp




---------------  S Y S T E M  ---------------

OS:
 Windows 10 , 64 bit Build 19041 (10.0.19041.2788)
OS uptime: 3 days 4:42 hours
Hyper-V role detected

CPU: total 2 (initial active 2) (2 cores per cpu, 1 threads per core) family 21 model 112 stepping 0 microcode 0x0, cx8, cmov, fxsr, mmx, 3dnowpref, sse, sse2, sse3, ssse3, sse4a, sse4.1, sse4.2, popcnt, lzcnt, tsc, tscinvbit, avx, avx2, aes, clmul, bmi1, bmi2, fma, vzeroupper, clflush, hv, rdtscp, f16c

Memory: 4k page, system-wide physical 7120M (1273M free)
TotalPageFile size 7120M (AvailPageFile size 75M)
current process WorkingSet (physical memory assigned to process): 10M, peak: 10M
current process commit charge ("private bytes"): 47M, peak: 159M

vm_info: Java HotSpot(TM) 64-Bit Server VM (20+36-2344) for windows-amd64 JRE (20+36-2344), built on 2023-02-10T19:30:15Z by "mach5one" with MS VC++ 17.1 (VS2022)

END.
